<?xml version="1.0" encoding="UTF-8"?>
<testsuite xmlns:xsi="http://www.w3.org/2001/XMLSchema-instance" xsi:noNamespaceSchemaLocation="https://maven.apache.org/surefire/maven-surefire-plugin/xsd/surefire-test-report.xsd" name="com.twelvemonkeys.imageio.util.ImageTypeSpecifiersTest" time="0.203" tests="36" errors="0" skipped="0" failures="0">
  <properties>
[...]
</properties>
  <testcase name="testCreateDiscreteAlphaIndexedFromIndexColorModel8" classname="com.twelvemonkeys.imageio.util.ImageTypeSpecifiersTest" time="0.004"/>
  <testcase name="testCreateFromIndexedColorModel1to8" classname="com.twelvemonkeys.imageio.util.ImageTypeSpecifiersTest" time="0"/>
  <testcase name="testCreateFromBufferedImageType" classname="com.twelvemonkeys.imageio.util.ImageTypeSpecifiersTest" time="0.026"/>
  <testcase name="testCreatePacked32" classname="com.twelvemonkeys.imageio.util.ImageTypeSpecifiersTest" time="0.009"/>
  <testcase name="testCreatePacked16" classname="com.twelvemonkeys.imageio.util.ImageTypeSpecifiersTest" time="0"/>
  <testcase name="testCreatePacked8" classname="com.twelvemonkeys.imageio.util.ImageTypeSpecifiersTest" time="0"/>
  <testcase name="testCreateInterleaved8" classname="com.twelvemonkeys.imageio.util.ImageTypeSpecifiersTest" time="0"/>
  <testcase name="testCreateFromIndexedColorModel16" classname="com.twelvemonkeys.imageio.util.ImageTypeSpecifiersTest" time="0.013"/>
  <testcase name="testCreateInterleaved32" classname="com.twelvemonkeys.imageio.util.ImageTypeSpecifiersTest" time="0.003"/>
  <testcase name="testCreateInterleaved32fp" classname="com.twelvemonkeys.imageio.util.ImageTypeSpecifiersTest" time="0.001"/>
  <testcase name="testCreateInterleaved64fp" classname="com.twelvemonkeys.imageio.util.ImageTypeSpecifiersTest" time="0"/>
  <testcase name="testCreateBanded8" classname="com.twelvemonkeys.imageio.util.ImageTypeSpecifiersTest" time="0.001"/>
  <testcase name="testCreateBanded16" classname="com.twelvemonkeys.imageio.util.ImageTypeSpecifiersTest" time="0"/>
  <testcase name="testCreateBanded32" classname="com.twelvemonkeys.imageio.util.ImageTypeSpecifiersTest" time="0"/>
  <testcase name="testCreateBanded32fp" classname="com.twelvemonkeys.imageio.util.ImageTypeSpecifiersTest" time="0"/>
  <testcase name="testCreateBanded64fp" classname="com.twelvemonkeys.imageio.util.ImageTypeSpecifiersTest" time="0.004"/>
  <testcase name="testCreateGrayscale1to8" classname="com.twelvemonkeys.imageio.util.ImageTypeSpecifiersTest" time="0"/>
  <testcase name="testCreateGrayscale16" classname="com.twelvemonkeys.imageio.util.ImageTypeSpecifiersTest" time="0.007"/>
  <testcase name="testCreateGrayscale32" classname="com.twelvemonkeys.imageio.util.ImageTypeSpecifiersTest" time="0"/>
  <testcase name="testCreateGrayscaleFloat" classname="com.twelvemonkeys.imageio.util.ImageTypeSpecifiersTest" time="0"/>
  <testcase name="testCreateGrayscaleDouble" classname="com.twelvemonkeys.imageio.util.ImageTypeSpecifiersTest" time="0"/>
  <testcase name="testCreateGrayscaleAlpha1to8" classname="com.twelvemonkeys.imageio.util.ImageTypeSpecifiersTest" time="0"/>
  <testcase name="testCreateGrayscaleAlpha16" classname="com.twelvemonkeys.imageio.util.ImageTypeSpecifiersTest" time="0"/>
  <testcase name="testCreateGrayscaleAlpha32" classname="com.twelvemonkeys.imageio.util.ImageTypeSpecifiersTest" time="0"/>
  <testcase name="testCreateGrayscaleAlphaFloat" classname="com.twelvemonkeys.imageio.util.ImageTypeSpecifiersTest" time="0"/>
  <testcase name="testCreateGrayscaleAlphaDouble" classname="com.twelvemonkeys.imageio.util.ImageTypeSpecifiersTest" time="0"/>
  <testcase name="testCreatePackedGrayscale1" classname="com.twelvemonkeys.imageio.util.ImageTypeSpecifiersTest" time="0.029"/>
  <testcase name="testCreatePackedGrayscale2" classname="com.twelvemonkeys.imageio.util.ImageTypeSpecifiersTest" time="0"/>
  <testcase name="testCreatePackedGrayscale4" classname="com.twelvemonkeys.imageio.util.ImageTypeSpecifiersTest" time="0.003"/>
  <testcase name="testCreateIndexedByteArrays1to8" classname="com.twelvemonkeys.imageio.util.ImageTypeSpecifiersTest" time="0.002"/>
  <testcase name="testCreateIndexedByteArrays16" classname="com.twelvemonkeys.imageio.util.ImageTypeSpecifiersTest" time="0.042"/>
  <testcase name="testCreateIndexedByteArrays32" classname="com.twelvemonkeys.imageio.util.ImageTypeSpecifiersTest" time="0.01"/>
  <testcase name="testCreateIndexedIntArray1to8" classname="com.twelvemonkeys.imageio.util.ImageTypeSpecifiersTest" time="0"/>
  <testcase name="testCreateIndexedIntArray16" classname="com.twelvemonkeys.imageio.util.ImageTypeSpecifiersTest" time="0"/>
  <testcase name="testCreateDiscreteAlphaIndexedFromIndexColorModel16" classname="com.twelvemonkeys.imageio.util.ImageTypeSpecifiersTest" time="0"/>
  <testcase name="testCreateInterleaved16" classname="com.twelvemonkeys.imageio.util.ImageTypeSpecifiersTest" time="0"/>
</testsuite>