<?xml version="1.0" encoding="UTF-8"?>
<testsuite xmlns:xsi="http://www.w3.org/2001/XMLSchema-instance" xsi:noNamespaceSchemaLocation="https://maven.apache.org/surefire/maven-surefire-plugin/xsd/surefire-test-report.xsd" name="com.twelvemonkeys.imageio.color.KCMSSanitizerStrategyTest" time="0.047" tests="4" errors="0" skipped="0" failures="0">
  <properties>
[...]
</properties>
  <testcase name="testFixProfile" classname="com.twelvemonkeys.imageio.color.KCMSSanitizerStrategyTest" time="0"/>
  <testcase name="testFixProfileNullProfile" classname="com.twelvemonkeys.imageio.color.KCMSSanitizerStrategyTest" time="0"/>
  <testcase name="testFixProfileUpdateHeader" classname="com.twelvemonkeys.imageio.color.KCMSSanitizerStrategyTest" time="0.034"/>
  <testcase name="testFixProfileCorbisRGB" classname="com.twelvemonkeys.imageio.color.KCMSSanitizerStrategyTest" time="0.012"/>
</testsuite>