<?xml version="1.0" encoding="UTF-8"?>
<testsuite xmlns:xsi="http://www.w3.org/2001/XMLSchema-instance" xsi:noNamespaceSchemaLocation="https://maven.apache.org/surefire/maven-surefire-plugin/xsd/surefire-test-report.xsd" name="com.twelvemonkeys.lang.StringUtilTest" time="0.674" tests="56" errors="0" skipped="0" failures="0">
  <properties>
[...]
</properties>
  <testcase name="testToUpperCase" classname="com.twelvemonkeys.lang.StringUtilTest" time="0"/>
  <testcase name="testIndexOfIgnoreCase" classname="com.twelvemonkeys.lang.StringUtilTest" time="0"/>
  <testcase name="testIndexOfIgnoreCasePos" classname="com.twelvemonkeys.lang.StringUtilTest" time="0"/>
  <testcase name="testLastIndexOfIgnoreCase" classname="com.twelvemonkeys.lang.StringUtilTest" time="0"/>
  <testcase name="testLastIndexOfIgnoreCasePos" classname="com.twelvemonkeys.lang.StringUtilTest" time="0"/>
  <testcase name="testIndexOfIgnoreCaseChar" classname="com.twelvemonkeys.lang.StringUtilTest" time="0"/>
  <testcase name="testIndexOfIgnoreCaseCharPos" classname="com.twelvemonkeys.lang.StringUtilTest" time="0"/>
  <testcase name="testLastIndexOfIgnoreCaseChar" classname="com.twelvemonkeys.lang.StringUtilTest" time="0"/>
  <testcase name="testLastIndexOfIgnoreCaseCharPos" classname="com.twelvemonkeys.lang.StringUtilTest" time="0"/>
  <testcase name="testRtrim" classname="com.twelvemonkeys.lang.StringUtilTest" time="0"/>
  <testcase name="testReplace" classname="com.twelvemonkeys.lang.StringUtilTest" time="0"/>
  <testcase name="testReplaceIgnoreCase" classname="com.twelvemonkeys.lang.StringUtilTest" time="0"/>
  <testcase name="testCut" classname="com.twelvemonkeys.lang.StringUtilTest" time="0"/>
  <testcase name="testCaptialize" classname="com.twelvemonkeys.lang.StringUtilTest" time="0"/>
  <testcase name="testCaptializePos" classname="com.twelvemonkeys.lang.StringUtilTest" time="0"/>
  <testcase name="testPad" classname="com.twelvemonkeys.lang.StringUtilTest" time="0"/>
  <testcase name="testToDate" classname="com.twelvemonkeys.lang.StringUtilTest" time="0.007"/>
  <testcase name="testToDateWithFormatString" classname="com.twelvemonkeys.lang.StringUtilTest" time="0.001"/>
  <testcase name="testToDateWithFormat" classname="com.twelvemonkeys.lang.StringUtilTest" time="0.135"/>
  <testcase name="testToTimestamp" classname="com.twelvemonkeys.lang.StringUtilTest" time="0"/>
  <testcase name="testToStringArray" classname="com.twelvemonkeys.lang.StringUtilTest" time="0.137"/>
  <testcase name="testToStringArrayDelim" classname="com.twelvemonkeys.lang.StringUtilTest" time="0"/>
  <testcase name="testToIntArray" classname="com.twelvemonkeys.lang.StringUtilTest" time="0"/>
  <testcase name="testToIntArrayDelim" classname="com.twelvemonkeys.lang.StringUtilTest" time="0"/>
  <testcase name="testToIntArrayDelimBase" classname="com.twelvemonkeys.lang.StringUtilTest" time="0"/>
  <testcase name="testToLongArray" classname="com.twelvemonkeys.lang.StringUtilTest" time="0.001"/>
  <testcase name="testToLongArrayDelim" classname="com.twelvemonkeys.lang.StringUtilTest" time="0"/>
  <testcase name="testToDoubleArray" classname="com.twelvemonkeys.lang.StringUtilTest" time="0"/>
  <testcase name="testToDoubleArrayDelim" classname="com.twelvemonkeys.lang.StringUtilTest" time="0"/>
  <testcase name="testTestToColor" classname="com.twelvemonkeys.lang.StringUtilTest" time="0.386"/>
  <testcase name="testToColorString" classname="com.twelvemonkeys.lang.StringUtilTest" time="0.001"/>
  <testcase name="testIsNumber" classname="com.twelvemonkeys.lang.StringUtilTest" time="0"/>
  <testcase name="testIsNumberNegative" classname="com.twelvemonkeys.lang.StringUtilTest" time="0"/>
  <testcase name="testCamelToLispNull" classname="com.twelvemonkeys.lang.StringUtilTest" time="0"/>
  <testcase name="testCamelToLispNoConversion" classname="com.twelvemonkeys.lang.StringUtilTest" time="0.001"/>
  <testcase name="testCamelToLispSimple" classname="com.twelvemonkeys.lang.StringUtilTest" time="0"/>
  <testcase name="testCamelToLispCase" classname="com.twelvemonkeys.lang.StringUtilTest" time="0"/>
  <testcase name="testCamelToLispMulti" classname="com.twelvemonkeys.lang.StringUtilTest" time="0"/>
  <testcase name="testCamelToLispLeaveUntouched" classname="com.twelvemonkeys.lang.StringUtilTest" time="0"/>
  <testcase name="testCamelToLispNumbers" classname="com.twelvemonkeys.lang.StringUtilTest" time="0"/>
  <testcase name="testLispToCamelNull" classname="com.twelvemonkeys.lang.StringUtilTest" time="0.001"/>
  <testcase name="testLispToCamelNoConversion" classname="com.twelvemonkeys.lang.StringUtilTest" time="0"/>
  <testcase name="testLispToCamelSimple" classname="com.twelvemonkeys.lang.StringUtilTest" time="0"/>
  <testcase name="testLispToCamelCase" classname="com.twelvemonkeys.lang.StringUtilTest" time="0"/>
  <testcase name="testLispToCamelMulti" classname="com.twelvemonkeys.lang.StringUtilTest" time="0"/>
  <testcase name="testLispToCamelLeaveUntouched" classname="com.twelvemonkeys.lang.StringUtilTest" time="0"/>
  <testcase name="testLispToCamelNumber" classname="com.twelvemonkeys.lang.StringUtilTest" time="0"/>
  <testcase name="testValueOfObject" classname="com.twelvemonkeys.lang.StringUtilTest" time="0.001"/>
  <testcase name="testContainsIgnoreCase" classname="com.twelvemonkeys.lang.StringUtilTest" time="0"/>
  <testcase name="testContainsIgnoreCaseChar" classname="com.twelvemonkeys.lang.StringUtilTest" time="0"/>
  <testcase name="testToLowerCase" classname="com.twelvemonkeys.lang.StringUtilTest" time="0"/>
  <testcase name="testIsEmpty" classname="com.twelvemonkeys.lang.StringUtilTest" time="0"/>
  <testcase name="testIsEmptyArray" classname="com.twelvemonkeys.lang.StringUtilTest" time="0.001"/>
  <testcase name="testContains" classname="com.twelvemonkeys.lang.StringUtilTest" time="0"/>
  <testcase name="testContainsChar" classname="com.twelvemonkeys.lang.StringUtilTest" time="0"/>
  <testcase name="testLtrim" classname="com.twelvemonkeys.lang.StringUtilTest" time="0"/>
</testsuite>