<?xml version="1.0" encoding="UTF-8"?>
<testsuite xmlns:xsi="http://www.w3.org/2001/XMLSchema-instance" xsi:noNamespaceSchemaLocation="https://maven.apache.org/surefire/maven-surefire-plugin/xsd/surefire-test-report.xsd" name="com.twelvemonkeys.lang.ValidateTest" time="0.335" tests="114" errors="0" skipped="0" failures="0">
  <properties>
[...]
</properties>
  <testcase name="testNoNullElementsCollectionNullElementsParameter" classname="com.twelvemonkeys.lang.ValidateTest" time="0.068"/>
  <testcase name="testNoNullElementsCollectionNullElementsParameterNull" classname="com.twelvemonkeys.lang.ValidateTest" time="0"/>
  <testcase name="testNoNullValuesMixedParameterNull" classname="com.twelvemonkeys.lang.ValidateTest" time="0.023"/>
  <testcase name="testNoNullKeysEmpty" classname="com.twelvemonkeys.lang.ValidateTest" time="0.003"/>
  <testcase name="testNoNullKeysNull" classname="com.twelvemonkeys.lang.ValidateTest" time="0"/>
  <testcase name="testNoNullKeysNullElements" classname="com.twelvemonkeys.lang.ValidateTest" time="0"/>
  <testcase name="testNoNullKeysMixed" classname="com.twelvemonkeys.lang.ValidateTest" time="0.007"/>
  <testcase name="testNoNullKeysParameter" classname="com.twelvemonkeys.lang.ValidateTest" time="0.013"/>
  <testcase name="testNoNullKeysEmptyParameter" classname="com.twelvemonkeys.lang.ValidateTest" time="0.001"/>
  <testcase name="testNoNullKeysNullParameter" classname="com.twelvemonkeys.lang.ValidateTest" time="0"/>
  <testcase name="testNoNullKeysNullElementsParameter" classname="com.twelvemonkeys.lang.ValidateTest" time="0.001"/>
  <testcase name="testNoNullKeysMixedParameter" classname="com.twelvemonkeys.lang.ValidateTest" time="0.01"/>
  <testcase name="testNoNullKeysParameterNull" classname="com.twelvemonkeys.lang.ValidateTest" time="0.007"/>
  <testcase name="testNoNullKeysEmptyParameterNull" classname="com.twelvemonkeys.lang.ValidateTest" time="0"/>
  <testcase name="testNoNullKeysNullParameterNull" classname="com.twelvemonkeys.lang.ValidateTest" time="0"/>
  <testcase name="testNoNullKeysNullElementsParameterNull" classname="com.twelvemonkeys.lang.ValidateTest" time="0.001"/>
  <testcase name="testNoNullKeysMixedParameterNull" classname="com.twelvemonkeys.lang.ValidateTest" time="0.008"/>
  <testcase name="testIsTrue" classname="com.twelvemonkeys.lang.ValidateTest" time="0"/>
  <testcase name="testIsTrueFalse" classname="com.twelvemonkeys.lang.ValidateTest" time="0"/>
  <testcase name="testIsTrueFalseNullParam" classname="com.twelvemonkeys.lang.ValidateTest" time="0"/>
  <testcase name="testIsTrueValue" classname="com.twelvemonkeys.lang.ValidateTest" time="0"/>
  <testcase name="testIsTrueFalseValue" classname="com.twelvemonkeys.lang.ValidateTest" time="0"/>
  <testcase name="testIsTrueValueParamNull" classname="com.twelvemonkeys.lang.ValidateTest" time="0"/>
  <testcase name="testIsTrueFalseValueParamNull" classname="com.twelvemonkeys.lang.ValidateTest" time="0"/>
  <testcase name="testIsTrueValueNullParamNull" classname="com.twelvemonkeys.lang.ValidateTest" time="0.001"/>
  <testcase name="testIsTrueFalseValueNullParamNull" classname="com.twelvemonkeys.lang.ValidateTest" time="0.001"/>
  <testcase name="testNotNull" classname="com.twelvemonkeys.lang.ValidateTest" time="0"/>
  <testcase name="testNotNullNull" classname="com.twelvemonkeys.lang.ValidateTest" time="0"/>
  <testcase name="testNotNullWithParameter" classname="com.twelvemonkeys.lang.ValidateTest" time="0"/>
  <testcase name="testNotNullWithParameterNull" classname="com.twelvemonkeys.lang.ValidateTest" time="0"/>
  <testcase name="testNotNullWithNullParameter" classname="com.twelvemonkeys.lang.ValidateTest" time="0"/>
  <testcase name="testNotNullWithNullParameterNull" classname="com.twelvemonkeys.lang.ValidateTest" time="0"/>
  <testcase name="testNotEmptyCharSequence" classname="com.twelvemonkeys.lang.ValidateTest" time="0"/>
  <testcase name="testNotEmptyCharSequenceNull" classname="com.twelvemonkeys.lang.ValidateTest" time="0.001"/>
  <testcase name="testNotEmptyCharSequenceEmpty" classname="com.twelvemonkeys.lang.ValidateTest" time="0"/>
  <testcase name="testNotEmptyCharSequenceOnlyWS" classname="com.twelvemonkeys.lang.ValidateTest" time="0"/>
  <testcase name="testNotEmptyCharSequenceNullWithParameter" classname="com.twelvemonkeys.lang.ValidateTest" time="0"/>
  <testcase name="testNotEmptyCharSequenceEmptyWithParameter" classname="com.twelvemonkeys.lang.ValidateTest" time="0"/>
  <testcase name="testNotEmptyCharSequenceOnlyWSWithParameter" classname="com.twelvemonkeys.lang.ValidateTest" time="0"/>
  <testcase name="testNotEmptyCharSequenceWithParameter" classname="com.twelvemonkeys.lang.ValidateTest" time="0"/>
  <testcase name="testNotEmptyCharSequenceWithParameterNull" classname="com.twelvemonkeys.lang.ValidateTest" time="0"/>
  <testcase name="testNotEmptyCharSequenceNullWithParameterNull" classname="com.twelvemonkeys.lang.ValidateTest" time="0"/>
  <testcase name="testNotEmptyCharSequenceEmptyWithParameterNull" classname="com.twelvemonkeys.lang.ValidateTest" time="0"/>
  <testcase name="testNotEmptyCharSequenceOnlyWSWithParameterNull" classname="com.twelvemonkeys.lang.ValidateTest" time="0"/>
  <testcase name="testNotEmptyArray" classname="com.twelvemonkeys.lang.ValidateTest" time="0"/>
  <testcase name="testNotEmptyArrayNull" classname="com.twelvemonkeys.lang.ValidateTest" time="0.001"/>
  <testcase name="testNotEmptyArrayEmpty" classname="com.twelvemonkeys.lang.ValidateTest" time="0"/>
  <testcase name="testNotEmptyArrayParameter" classname="com.twelvemonkeys.lang.ValidateTest" time="0"/>
  <testcase name="testNotEmptyArrayNullParameter" classname="com.twelvemonkeys.lang.ValidateTest" time="0"/>
  <testcase name="testNotEmptyArrayEmptyParameter" classname="com.twelvemonkeys.lang.ValidateTest" time="0"/>
  <testcase name="testNotEmptyArrayWithParameterNull" classname="com.twelvemonkeys.lang.ValidateTest" time="0.001"/>
  <testcase name="testNotEmptyArrayNullWithParameterNull" classname="com.twelvemonkeys.lang.ValidateTest" time="0"/>
  <testcase name="testNotEmptyArrayEmptyWithParameterNull" classname="com.twelvemonkeys.lang.ValidateTest" time="0"/>
  <testcase name="testNotEmptyCollection" classname="com.twelvemonkeys.lang.ValidateTest" time="0"/>
  <testcase name="testNotEmptyCollectionNull" classname="com.twelvemonkeys.lang.ValidateTest" time="0"/>
  <testcase name="testNotEmptyCollectionEmpty" classname="com.twelvemonkeys.lang.ValidateTest" time="0"/>
  <testcase name="testNotEmptyCollectionParameter" classname="com.twelvemonkeys.lang.ValidateTest" time="0.001"/>
  <testcase name="testNotEmptyCollectionNullParameter" classname="com.twelvemonkeys.lang.ValidateTest" time="0"/>
  <testcase name="testNotEmptyCollectionEmptyParameter" classname="com.twelvemonkeys.lang.ValidateTest" time="0"/>
  <testcase name="testNotEmptyCollectionWithParameterNull" classname="com.twelvemonkeys.lang.ValidateTest" time="0"/>
  <testcase name="testNotEmptyCollectionNullWithParameterNull" classname="com.twelvemonkeys.lang.ValidateTest" time="0"/>
  <testcase name="testNotEmptyCollectionEmptyWithParameterNull" classname="com.twelvemonkeys.lang.ValidateTest" time="0"/>
  <testcase name="testNotEmptyMap" classname="com.twelvemonkeys.lang.ValidateTest" time="0.008"/>
  <testcase name="testNotEmptyMapNull" classname="com.twelvemonkeys.lang.ValidateTest" time="0.001"/>
  <testcase name="testNotEmptyMapEmpty" classname="com.twelvemonkeys.lang.ValidateTest" time="0"/>
  <testcase name="testNotEmptyMapParameter" classname="com.twelvemonkeys.lang.ValidateTest" time="0"/>
  <testcase name="testNotEmptyMapNullParameter" classname="com.twelvemonkeys.lang.ValidateTest" time="0"/>
  <testcase name="testNotEmptyMapEmptyParameter" classname="com.twelvemonkeys.lang.ValidateTest" time="0"/>
  <testcase name="testNotEmptyMapWithParameterNull" classname="com.twelvemonkeys.lang.ValidateTest" time="0"/>
  <testcase name="testNotEmptyMapNullWithParameterNull" classname="com.twelvemonkeys.lang.ValidateTest" time="0.003"/>
  <testcase name="testNotEmptyMapEmptyWithParameterNull" classname="com.twelvemonkeys.lang.ValidateTest" time="0"/>
  <testcase name="testNoNullElementsArray" classname="com.twelvemonkeys.lang.ValidateTest" time="0"/>
  <testcase name="testNoNullElementsArrayEmpty" classname="com.twelvemonkeys.lang.ValidateTest" time="0"/>
  <testcase name="testNoNullElementsArrayNull" classname="com.twelvemonkeys.lang.ValidateTest" time="0"/>
  <testcase name="testNoNullElementsArrayNullElements" classname="com.twelvemonkeys.lang.ValidateTest" time="0"/>
  <testcase name="testNoNullElementsArrayMixed" classname="com.twelvemonkeys.lang.ValidateTest" time="0"/>
  <testcase name="testNoNullElementsArrayParameter" classname="com.twelvemonkeys.lang.ValidateTest" time="0"/>
  <testcase name="testNoNullElementsArrayEmptyParameter" classname="com.twelvemonkeys.lang.ValidateTest" time="0"/>
  <testcase name="testNoNullElementsArrayNullParameter" classname="com.twelvemonkeys.lang.ValidateTest" time="0"/>
  <testcase name="testNoNullElementsArrayNullElementsParameter" classname="com.twelvemonkeys.lang.ValidateTest" time="0"/>
  <testcase name="testNoNullElementsArrayMixedParameter" classname="com.twelvemonkeys.lang.ValidateTest" time="0"/>
  <testcase name="testNoNullElementsArrayParameterNull" classname="com.twelvemonkeys.lang.ValidateTest" time="0"/>
  <testcase name="testNoNullElementsArrayEmptyParameterNull" classname="com.twelvemonkeys.lang.ValidateTest" time="0"/>
  <testcase name="testNoNullElementsArrayNullParameterNull" classname="com.twelvemonkeys.lang.ValidateTest" time="0"/>
  <testcase name="testNoNullElementsArrayNullElementsParameterNull" classname="com.twelvemonkeys.lang.ValidateTest" time="0"/>
  <testcase name="testNoNullElementsArrayMixedParameterNull" classname="com.twelvemonkeys.lang.ValidateTest" time="0"/>
  <testcase name="testNoNullElementsCollection" classname="com.twelvemonkeys.lang.ValidateTest" time="0"/>
  <testcase name="testNoNullElementsCollectionEmpty" classname="com.twelvemonkeys.lang.ValidateTest" time="0"/>
  <testcase name="testNoNullElementsCollectionNull" classname="com.twelvemonkeys.lang.ValidateTest" time="0"/>
  <testcase name="testNoNullElementsCollectionNullElements" classname="com.twelvemonkeys.lang.ValidateTest" time="0"/>
  <testcase name="testNoNullElementsCollectionMixed" classname="com.twelvemonkeys.lang.ValidateTest" time="0"/>
  <testcase name="testNoNullElementsCollectionParameter" classname="com.twelvemonkeys.lang.ValidateTest" time="0"/>
  <testcase name="testNoNullElementsCollectionEmptyParameter" classname="com.twelvemonkeys.lang.ValidateTest" time="0"/>
  <testcase name="testNoNullElementsCollectionNullParameter" classname="com.twelvemonkeys.lang.ValidateTest" time="0"/>
  <testcase name="testNoNullElementsCollectionMixedParameter" classname="com.twelvemonkeys.lang.ValidateTest" time="0"/>
  <testcase name="testNoNullElementsCollectionParameterNull" classname="com.twelvemonkeys.lang.ValidateTest" time="0"/>
  <testcase name="testNoNullElementsCollectionEmptyParameterNull" classname="com.twelvemonkeys.lang.ValidateTest" time="0"/>
  <testcase name="testNoNullElementsCollectionNullParameterNull" classname="com.twelvemonkeys.lang.ValidateTest" time="0"/>
  <testcase name="testNoNullElementsCollectionMixedParameterNull" classname="com.twelvemonkeys.lang.ValidateTest" time="0"/>
  <testcase name="testNoNullValuesMap" classname="com.twelvemonkeys.lang.ValidateTest" time="0.003"/>
  <testcase name="testNoNullValuesEmpty" classname="com.twelvemonkeys.lang.ValidateTest" time="0"/>
  <testcase name="testNoNullValuesNull" classname="com.twelvemonkeys.lang.ValidateTest" time="0"/>
  <testcase name="testNoNullValuesNullElements" classname="com.twelvemonkeys.lang.ValidateTest" time="0"/>
  <testcase name="testNoNullValuesMixed" classname="com.twelvemonkeys.lang.ValidateTest" time="0.009"/>
  <testcase name="testNoNullValuesParameter" classname="com.twelvemonkeys.lang.ValidateTest" time="0.001"/>
  <testcase name="testNoNullValuesEmptyParameter" classname="com.twelvemonkeys.lang.ValidateTest" time="0"/>
  <testcase name="testNoNullValuesNullParameter" classname="com.twelvemonkeys.lang.ValidateTest" time="0"/>
  <testcase name="testNoNullValuesNullElementsParameter" classname="com.twelvemonkeys.lang.ValidateTest" time="0"/>
  <testcase name="testNoNullValuesMixedParameter" classname="com.twelvemonkeys.lang.ValidateTest" time="0.013"/>
  <testcase name="testNoNullValuesParameterNull" classname="com.twelvemonkeys.lang.ValidateTest" time="0.014"/>
  <testcase name="testNoNullValuesEmptyParameterNull" classname="com.twelvemonkeys.lang.ValidateTest" time="0"/>
  <testcase name="testNoNullValuesNullParameterNull" classname="com.twelvemonkeys.lang.ValidateTest" time="0"/>
  <testcase name="testNoNullValuesNullElementsParameterNull" classname="com.twelvemonkeys.lang.ValidateTest" time="0"/>
  <testcase name="testNoNullKeysMap" classname="com.twelvemonkeys.lang.ValidateTest" time="0.007"/>
</testsuite>