<?xml version="1.0" encoding="UTF-8"?>
<testsuite xmlns:xsi="http://www.w3.org/2001/XMLSchema-instance" xsi:noNamespaceSchemaLocation="https://maven.apache.org/surefire/maven-surefire-plugin/xsd/surefire-test-report.xsd" name="com.twelvemonkeys.lang.DateUtilTest" time="0.125" tests="30" errors="0" skipped="0" failures="0">
  <properties>
[...]
</properties>
  <testcase name="testRoundToDay[0]" classname="com.twelvemonkeys.lang.DateUtilTest" time="0.113"/>
  <testcase name="testRoundToDayTZ[0]" classname="com.twelvemonkeys.lang.DateUtilTest" time="0"/>
  <testcase name="testCurrentTimeSecond[0]" classname="com.twelvemonkeys.lang.DateUtilTest" time="0"/>
  <testcase name="testCurrentTimeMinute[0]" classname="com.twelvemonkeys.lang.DateUtilTest" time="0"/>
  <testcase name="testCurrentTimeHour[0]" classname="com.twelvemonkeys.lang.DateUtilTest" time="0"/>
  <testcase name="testCurrentTimeDay[0]" classname="com.twelvemonkeys.lang.DateUtilTest" time="0"/>
  <testcase name="testRoundToSecond[0]" classname="com.twelvemonkeys.lang.DateUtilTest" time="0"/>
  <testcase name="testRoundToMinute[0]" classname="com.twelvemonkeys.lang.DateUtilTest" time="0"/>
  <testcase name="testRoundToHour[0]" classname="com.twelvemonkeys.lang.DateUtilTest" time="0"/>
  <testcase name="testRoundToHourTZ[0]" classname="com.twelvemonkeys.lang.DateUtilTest" time="0"/>
  <testcase name="testRoundToDay[1]" classname="com.twelvemonkeys.lang.DateUtilTest" time="0"/>
  <testcase name="testRoundToDayTZ[1]" classname="com.twelvemonkeys.lang.DateUtilTest" time="0"/>
  <testcase name="testCurrentTimeSecond[1]" classname="com.twelvemonkeys.lang.DateUtilTest" time="0"/>
  <testcase name="testCurrentTimeMinute[1]" classname="com.twelvemonkeys.lang.DateUtilTest" time="0"/>
  <testcase name="testCurrentTimeHour[1]" classname="com.twelvemonkeys.lang.DateUtilTest" time="0"/>
  <testcase name="testCurrentTimeDay[1]" classname="com.twelvemonkeys.lang.DateUtilTest" time="0"/>
  <testcase name="testRoundToSecond[1]" classname="com.twelvemonkeys.lang.DateUtilTest" time="0.001"/>
  <testcase name="testRoundToMinute[1]" classname="com.twelvemonkeys.lang.DateUtilTest" time="0"/>
  <testcase name="testRoundToHour[1]" classname="com.twelvemonkeys.lang.DateUtilTest" time="0"/>
  <testcase name="testRoundToHourTZ[1]" classname="com.twelvemonkeys.lang.DateUtilTest" time="0"/>
  <testcase name="testRoundToDay[2]" classname="com.twelvemonkeys.lang.DateUtilTest" time="0"/>
  <testcase name="testRoundToDayTZ[2]" classname="com.twelvemonkeys.lang.DateUtilTest" time="0"/>
  <testcase name="testCurrentTimeSecond[2]" classname="com.twelvemonkeys.lang.DateUtilTest" time="0"/>
  <testcase name="testCurrentTimeMinute[2]" classname="com.twelvemonkeys.lang.DateUtilTest" time="0"/>
  <testcase name="testCurrentTimeHour[2]" classname="com.twelvemonkeys.lang.DateUtilTest" time="0"/>
  <testcase name="testCurrentTimeDay[2]" classname="com.twelvemonkeys.lang.DateUtilTest" time="0"/>
  <testcase name="testRoundToSecond[2]" classname="com.twelvemonkeys.lang.DateUtilTest" time="0"/>
  <testcase name="testRoundToMinute[2]" classname="com.twelvemonkeys.lang.DateUtilTest" time="0"/>
  <testcase name="testRoundToHour[2]" classname="com.twelvemonkeys.lang.DateUtilTest" time="0"/>
  <testcase name="testRoundToHourTZ[2]" classname="com.twelvemonkeys.lang.DateUtilTest" time="0"/>
</testsuite>