<?xml version="1.0" encoding="UTF-8"?>
<testsuite xmlns:xsi="http://www.w3.org/2001/XMLSchema-instance" xsi:noNamespaceSchemaLocation="https://maven.apache.org/surefire/maven-surefire-plugin/xsd/surefire-test-report.xsd" name="com.twelvemonkeys.util.TimeoutMapTest" time="0.729" tests="57" errors="0" skipped="0" failures="0">
  <properties>
[...]
</properties>
  <testcase name="testBasicMap" classname="com.twelvemonkeys.util.TimeoutMapTest" time="0.06"/>
  <testcase name="testBasicMapReturnsNullForMissingKey" classname="com.twelvemonkeys.util.TimeoutMapTest" time="0"/>
  <testcase name="testBasicMapAllowsNull" classname="com.twelvemonkeys.util.TimeoutMapTest" time="0"/>
  <testcase name="testBasicMapAllowsMultipleTypes" classname="com.twelvemonkeys.util.TimeoutMapTest" time="0"/>
  <testcase name="testBasicMapStoresOnlyOneValuePerKey" classname="com.twelvemonkeys.util.TimeoutMapTest" time="0"/>
  <testcase name="testBasicMapValuesView" classname="com.twelvemonkeys.util.TimeoutMapTest" time="0.011"/>
  <testcase name="testBasicMapKeySetView" classname="com.twelvemonkeys.util.TimeoutMapTest" time="0.012"/>
  <testcase name="testBasicMapEntrySetView" classname="com.twelvemonkeys.util.TimeoutMapTest" time="0.001"/>
  <testcase name="testBasicMapValuesViewRemoval" classname="com.twelvemonkeys.util.TimeoutMapTest" time="0"/>
  <testcase name="testBasicMapKeySetViewRemoval" classname="com.twelvemonkeys.util.TimeoutMapTest" time="0.004"/>
  <testcase name="testBasicMapEntrySetViewRemoval" classname="com.twelvemonkeys.util.TimeoutMapTest" time="0"/>
  <testcase name="testTimeoutReturnNull" classname="com.twelvemonkeys.util.TimeoutMapTest" time="0.114"/>
  <testcase name="testTimeoutIsEmpty" classname="com.twelvemonkeys.util.TimeoutMapTest" time="0.101"/>
  <testcase name="testTimeoutWrapIsEmpty" classname="com.twelvemonkeys.util.TimeoutMapTest" time="0.11"/>
  <testcase name="testTimeoutWrapReturnNull" classname="com.twelvemonkeys.util.TimeoutMapTest" time="0.111"/>
  <testcase name="testWrapMaxSize" classname="com.twelvemonkeys.util.TimeoutMapTest" time="0"/>
  <testcase name="testWrapMapContainingValues" classname="com.twelvemonkeys.util.TimeoutMapTest" time="0"/>
  <testcase name="testIteratorRemove" classname="com.twelvemonkeys.util.TimeoutMapTest" time="0"/>
  <testcase name="testIteratorPredictableNext" classname="com.twelvemonkeys.util.TimeoutMapTest" time="0.06"/>
  <testcase name="testIteratorPredictableRemove" classname="com.twelvemonkeys.util.TimeoutMapTest" time="0.06"/>
  <testcase name="testIteratorPredictableNextRemove" classname="com.twelvemonkeys.util.TimeoutMapTest" time="0.061"/>
  <testcase name="testIteratorPredictableRemovedEntry" classname="com.twelvemonkeys.util.TimeoutMapTest" time="0"/>
  <testcase name="testMapEquals" classname="com.twelvemonkeys.util.TimeoutMapTest" time="0.002"/>
  <testcase name="testMapGet" classname="com.twelvemonkeys.util.TimeoutMapTest" time="0"/>
  <testcase name="testMapHashCode" classname="com.twelvemonkeys.util.TimeoutMapTest" time="0"/>
  <testcase name="testMapToString" classname="com.twelvemonkeys.util.TimeoutMapTest" time="0"/>
  <testcase name="testMapPut" classname="com.twelvemonkeys.util.TimeoutMapTest" time="0.006"/>
  <testcase name="testMapPutNullKey" classname="com.twelvemonkeys.util.TimeoutMapTest" time="0"/>
  <testcase name="testMapPutNullValue" classname="com.twelvemonkeys.util.TimeoutMapTest" time="0"/>
  <testcase name="testMapPutAll" classname="com.twelvemonkeys.util.TimeoutMapTest" time="0"/>
  <testcase name="testMapRemove" classname="com.twelvemonkeys.util.TimeoutMapTest" time="0.003"/>
  <testcase name="testValuesClearChangesMap" classname="com.twelvemonkeys.util.TimeoutMapTest" time="0"/>
  <testcase name="testKeySetClearChangesMap" classname="com.twelvemonkeys.util.TimeoutMapTest" time="0"/>
  <testcase name="testEntrySetClearChangesMap" classname="com.twelvemonkeys.util.TimeoutMapTest" time="0"/>
  <testcase name="testEntrySetContains1" classname="com.twelvemonkeys.util.TimeoutMapTest" time="0"/>
  <testcase name="testEntrySetContains2" classname="com.twelvemonkeys.util.TimeoutMapTest" time="0"/>
  <testcase name="testEntrySetContains3" classname="com.twelvemonkeys.util.TimeoutMapTest" time="0"/>
  <testcase name="testEntrySetRemove1" classname="com.twelvemonkeys.util.TimeoutMapTest" time="0"/>
  <testcase name="testEntrySetRemove2" classname="com.twelvemonkeys.util.TimeoutMapTest" time="0.001"/>
  <testcase name="testEntrySetRemove3" classname="com.twelvemonkeys.util.TimeoutMapTest" time="0"/>
  <testcase name="testValuesRemoveChangesMap" classname="com.twelvemonkeys.util.TimeoutMapTest" time="0"/>
  <testcase name="testKeySetRemoveChangesMap" classname="com.twelvemonkeys.util.TimeoutMapTest" time="0.001"/>
  <testcase name="testSampleMappings" classname="com.twelvemonkeys.util.TimeoutMapTest" time="0"/>
  <testcase name="testMakeMap" classname="com.twelvemonkeys.util.TimeoutMapTest" time="0"/>
  <testcase name="testMapIsEmpty" classname="com.twelvemonkeys.util.TimeoutMapTest" time="0"/>
  <testcase name="testMapSize" classname="com.twelvemonkeys.util.TimeoutMapTest" time="0"/>
  <testcase name="testMapClear" classname="com.twelvemonkeys.util.TimeoutMapTest" time="0"/>
  <testcase name="testMapContainsKey" classname="com.twelvemonkeys.util.TimeoutMapTest" time="0.001"/>
  <testcase name="testMapContainsValue" classname="com.twelvemonkeys.util.TimeoutMapTest" time="0"/>
  <testcase name="testCanonicalFullCollectionExists" classname="com.twelvemonkeys.util.TimeoutMapTest" time="0"/>
  <testcase name="testCanonicalEmptyCollectionExists" classname="com.twelvemonkeys.util.TimeoutMapTest" time="0"/>
  <testcase name="testObjectEqualsSelf" classname="com.twelvemonkeys.util.TimeoutMapTest" time="0"/>
  <testcase name="testObjectHashCodeEqualsContract" classname="com.twelvemonkeys.util.TimeoutMapTest" time="0"/>
  <testcase name="testSimpleSerialization" classname="com.twelvemonkeys.util.TimeoutMapTest" time="0.002"/>
  <testcase name="testObjectHashCodeEqualsSelfHashCode" classname="com.twelvemonkeys.util.TimeoutMapTest" time="0"/>
  <testcase name="testSerializeDeserializeThenCompare" classname="com.twelvemonkeys.util.TimeoutMapTest" time="0.001"/>
  <testcase name="testEqualsNull" classname="com.twelvemonkeys.util.TimeoutMapTest" time="0"/>
</testsuite>